<?xml version="1.0" encoding="UTF-8"?>
<testng-results skipped="0" failed="0" total="1" passed="1">
  <reporter-output>
  </reporter-output>
  <suite name="Default suite" duration-ms="35025" started-at="2020-02-07T11:46:55Z" finished-at="2020-02-07T11:47:30Z">
    <groups>
    </groups>
    <test name="Default test" duration-ms="35025" started-at="2020-02-07T11:46:55Z" finished-at="2020-02-07T11:47:30Z">
      <class name="homepageTests.HomepageTests">
        <test-method status="PASS" signature="initializeTest()[pri:0, instance:homepageTests.HomepageTests@47fd17e3]" name="initializeTest" is-config="true" duration-ms="25227" started-at="2020-02-07T17:16:55Z" finished-at="2020-02-07T17:17:20Z">
          <reporter-output>
          </reporter-output>
        </test-method> <!-- initializeTest -->
        <test-method status="PASS" signature="VerificationTest()[pri:0, instance:homepageTests.HomepageTests@47fd17e3]" name="VerificationTest" duration-ms="9790" started-at="2020-02-07T17:17:20Z" finished-at="2020-02-07T17:17:30Z">
          <reporter-output>
          </reporter-output>
        </test-method> <!-- VerificationTest -->
      </class> <!-- homepageTests.HomepageTests -->
    </test> <!-- Default test -->
  </suite> <!-- Default suite -->
</testng-results>
